antiguo   1: CREATE OR REPLACE TYPE &&USROWN..O_ASIS_SAL_JUSTIFICANTES_ANT_S AS OBJECT
nuevo   1: CREATE OR REPLACE TYPE SMD_DD.O_ASIS_SAL_JUSTIFICANTES_ANT_S AS OBJECT

Tipo creado.

antiguo   1: CREATE OR REPLACE TYPE BODY &&USROWN..O_ASIS_SAL_JUSTIFICANTES_ANT_S AS
nuevo   1: CREATE OR REPLACE TYPE BODY SMD_DD.O_ASIS_SAL_JUSTIFICANTES_ANT_S AS

Cuerpo del tipo creado.

antiguo   1: GRANT EXECUTE ON &&USROWN..O_ASIS_SAL_JUSTIFICANTES_ANT_S TO &&USEROBJ
nuevo   1: GRANT EXECUTE ON SMD_DD.O_ASIS_SAL_JUSTIFICANTES_ANT_S TO SMD_LN

Concesión terminada correctamente.

antiguo   1: CREATE OR REPLACE SYNONYM &&USEROBJ..O_ASIS_SAL_JUSTIFICANTES_ANT_S FOR &&USROWN..O_ASIS_SAL_JUSTIFICANTES_ANT_S
nuevo   1: CREATE OR REPLACE SYNONYM SMD_LN.O_ASIS_SAL_JUSTIFICANTES_ANT_S FOR SMD_DD.O_ASIS_SAL_JUSTIFICANTES_ANT_S

Sinónimo creado.

antiguo   1: CREATE OR REPLACE TYPE &&USROWN..O_ASIS_SAL_JUSTIFICANTES_COP_S AS OBJECT
nuevo   1: CREATE OR REPLACE TYPE SMD_DD.O_ASIS_SAL_JUSTIFICANTES_COP_S AS OBJECT

Tipo creado.

antiguo   1: CREATE OR REPLACE TYPE BODY &&USROWN..O_ASIS_SAL_JUSTIFICANTES_COP_S AS
nuevo   1: CREATE OR REPLACE TYPE BODY SMD_DD.O_ASIS_SAL_JUSTIFICANTES_COP_S AS

Cuerpo del tipo creado.

antiguo   1: GRANT EXECUTE ON &&USROWN..O_ASIS_SAL_JUSTIFICANTES_COP_S TO &&USEROBJ
nuevo   1: GRANT EXECUTE ON SMD_DD.O_ASIS_SAL_JUSTIFICANTES_COP_S TO SMD_LN

Concesión terminada correctamente.

antiguo   1: CREATE OR REPLACE SYNONYM &&USEROBJ..O_ASIS_SAL_JUSTIFICANTES_COP_S FOR &&USROWN..O_ASIS_SAL_JUSTIFICANTES_COP_S
nuevo   1: CREATE OR REPLACE SYNONYM SMD_LN.O_ASIS_SAL_JUSTIFICANTES_COP_S FOR SMD_DD.O_ASIS_SAL_JUSTIFICANTES_COP_S

Sinónimo creado.

